2015/05/16 11:17:09 [error] [exception.CException] exception 'CException' with message 'CAssetManager.basePath "D:\www\phpboy\assets" is invalid. Please make sure the directory exists and is writable by the Web server process.' in D:\www\lib\web\CAssetManager.php:138
Stack trace:
#0 D:\www\lib\web\CAssetManager.php(123): CAssetManager->setBasePath('D:\www\phpboy\a...')
#1 D:\www\lib\web\CAssetManager.php(217): CAssetManager->getBasePath()
#2 D:\www\lib\zii\widgets\CListView.php(209): CAssetManager->publish('D:\www\lib\zii\...')
#3 D:\www\lib\web\CBaseController.php(147): CListView->init()
#4 D:\www\lib\web\CBaseController.php(172): CBaseController->createWidget('zii.widgets.CLi...', Array)
#5 D:\www\phpboy\protected\views\post\index.php(9): CBaseController->widget('zii.widgets.CLi...', Array)
#6 D:\www\lib\web\CBaseController.php(126): require('D:\www\phpboy\p...')
#7 D:\www\lib\web\CBaseController.php(95): CBaseController->renderInternal('D:\www\phpboy\p...', Array, true)
#8 D:\www\lib\web\CController.php(869): CBaseController->renderFile('D:\www\phpboy\p...', Array, true)
#9 D:\www\lib\web\CController.php(782): CController->renderPartial('index', Array, true)
#10 D:\www\phpboy\protected\controllers\PostController.php(136): CController->render('index', Array)
#11 D:\www\lib\web\actions\CInlineAction.php(49): PostController->actionIndex()
#12 D:\www\lib\web\CController.php(308): CInlineAction->runWithParams(Array)
#13 D:\www\lib\web\filters\CFilterChain.php(133): CController->runAction(Object(CInlineAction))
#14 D:\www\lib\web\filters\CFilter.php(40): CFilterChain->run()
#15 D:\www\lib\web\CController.php(1145): CFilter->filter(Object(CFilterChain))
#16 D:\www\lib\web\filters\CInlineFilter.php(58): CController->filterAccessControl(Object(CFilterChain))
#17 D:\www\lib\web\filters\CFilterChain.php(130): CInlineFilter->filter(Object(CFilterChain))
#18 D:\www\lib\web\CController.php(291): CFilterChain->run()
#19 D:\www\lib\web\CController.php(265): CController->runActionWithFilters(Object(CInlineAction), Array)
#20 D:\www\lib\web\CWebApplication.php(282): CController->run('')
#21 D:\www\lib\web\CWebApplication.php(141): CWebApplication->runController('')
#22 D:\www\lib\base\CApplication.php(169): CWebApplication->processRequest()
#23 D:\www\phpboy\index.php(11): CApplication->run()
#24 {main}
REQUEST_URI=/
---
2015/05/16 11:17:29 [error] [exception.CException] exception 'CException' with message 'CAssetManager.basePath "D:\www\phpboy\assets" is invalid. Please make sure the directory exists and is writable by the Web server process.' in D:\www\lib\web\CAssetManager.php:138
Stack trace:
#0 D:\www\lib\web\CAssetManager.php(123): CAssetManager->setBasePath('D:\www\phpboy\a...')
#1 D:\www\lib\web\CAssetManager.php(217): CAssetManager->getBasePath()
#2 D:\www\lib\zii\widgets\CListView.php(209): CAssetManager->publish('D:\www\lib\zii\...')
#3 D:\www\lib\web\CBaseController.php(147): CListView->init()
#4 D:\www\lib\web\CBaseController.php(172): CBaseController->createWidget('zii.widgets.CLi...', Array)
#5 D:\www\phpboy\protected\views\post\index.php(9): CBaseController->widget('zii.widgets.CLi...', Array)
#6 D:\www\lib\web\CBaseController.php(126): require('D:\www\phpboy\p...')
#7 D:\www\lib\web\CBaseController.php(95): CBaseController->renderInternal('D:\www\phpboy\p...', Array, true)
#8 D:\www\lib\web\CController.php(869): CBaseController->renderFile('D:\www\phpboy\p...', Array, true)
#9 D:\www\lib\web\CController.php(782): CController->renderPartial('index', Array, true)
#10 D:\www\phpboy\protected\controllers\PostController.php(136): CController->render('index', Array)
#11 D:\www\lib\web\actions\CInlineAction.php(49): PostController->actionIndex()
#12 D:\www\lib\web\CController.php(308): CInlineAction->runWithParams(Array)
#13 D:\www\lib\web\filters\CFilterChain.php(133): CController->runAction(Object(CInlineAction))
#14 D:\www\lib\web\filters\CFilter.php(40): CFilterChain->run()
#15 D:\www\lib\web\CController.php(1145): CFilter->filter(Object(CFilterChain))
#16 D:\www\lib\web\filters\CInlineFilter.php(58): CController->filterAccessControl(Object(CFilterChain))
#17 D:\www\lib\web\filters\CFilterChain.php(130): CInlineFilter->filter(Object(CFilterChain))
#18 D:\www\lib\web\CController.php(291): CFilterChain->run()
#19 D:\www\lib\web\CController.php(265): CController->runActionWithFilters(Object(CInlineAction), Array)
#20 D:\www\lib\web\CWebApplication.php(282): CController->run('')
#21 D:\www\lib\web\CWebApplication.php(141): CWebApplication->runController('')
#22 D:\www\lib\base\CApplication.php(169): CWebApplication->processRequest()
#23 D:\www\phpboy\index.php(11): CApplication->run()
#24 {main}
REQUEST_URI=/
---
2015/05/16 11:17:31 [error] [exception.CException] exception 'CException' with message 'CAssetManager.basePath "D:\www\phpboy\assets" is invalid. Please make sure the directory exists and is writable by the Web server process.' in D:\www\lib\web\CAssetManager.php:138
Stack trace:
#0 D:\www\lib\web\CAssetManager.php(123): CAssetManager->setBasePath('D:\www\phpboy\a...')
#1 D:\www\lib\web\CAssetManager.php(217): CAssetManager->getBasePath()
#2 D:\www\lib\zii\widgets\CListView.php(209): CAssetManager->publish('D:\www\lib\zii\...')
#3 D:\www\lib\web\CBaseController.php(147): CListView->init()
#4 D:\www\lib\web\CBaseController.php(172): CBaseController->createWidget('zii.widgets.CLi...', Array)
#5 D:\www\phpboy\protected\views\post\index.php(9): CBaseController->widget('zii.widgets.CLi...', Array)
#6 D:\www\lib\web\CBaseController.php(126): require('D:\www\phpboy\p...')
#7 D:\www\lib\web\CBaseController.php(95): CBaseController->renderInternal('D:\www\phpboy\p...', Array, true)
#8 D:\www\lib\web\CController.php(869): CBaseController->renderFile('D:\www\phpboy\p...', Array, true)
#9 D:\www\lib\web\CController.php(782): CController->renderPartial('index', Array, true)
#10 D:\www\phpboy\protected\controllers\PostController.php(136): CController->render('index', Array)
#11 D:\www\lib\web\actions\CInlineAction.php(49): PostController->actionIndex()
#12 D:\www\lib\web\CController.php(308): CInlineAction->runWithParams(Array)
#13 D:\www\lib\web\filters\CFilterChain.php(133): CController->runAction(Object(CInlineAction))
#14 D:\www\lib\web\filters\CFilter.php(40): CFilterChain->run()
#15 D:\www\lib\web\CController.php(1145): CFilter->filter(Object(CFilterChain))
#16 D:\www\lib\web\filters\CInlineFilter.php(58): CController->filterAccessControl(Object(CFilterChain))
#17 D:\www\lib\web\filters\CFilterChain.php(130): CInlineFilter->filter(Object(CFilterChain))
#18 D:\www\lib\web\CController.php(291): CFilterChain->run()
#19 D:\www\lib\web\CController.php(265): CController->runActionWithFilters(Object(CInlineAction), Array)
#20 D:\www\lib\web\CWebApplication.php(282): CController->run('')
#21 D:\www\lib\web\CWebApplication.php(141): CWebApplication->runController('')
#22 D:\www\lib\base\CApplication.php(169): CWebApplication->processRequest()
#23 D:\www\phpboy\index.php(11): CApplication->run()
#24 {main}
REQUEST_URI=/
---
2015/05/16 11:17:32 [error] [exception.CException] exception 'CException' with message 'CAssetManager.basePath "D:\www\phpboy\assets" is invalid. Please make sure the directory exists and is writable by the Web server process.' in D:\www\lib\web\CAssetManager.php:138
Stack trace:
#0 D:\www\lib\web\CAssetManager.php(123): CAssetManager->setBasePath('D:\www\phpboy\a...')
#1 D:\www\lib\web\CAssetManager.php(217): CAssetManager->getBasePath()
#2 D:\www\lib\zii\widgets\CListView.php(209): CAssetManager->publish('D:\www\lib\zii\...')
#3 D:\www\lib\web\CBaseController.php(147): CListView->init()
#4 D:\www\lib\web\CBaseController.php(172): CBaseController->createWidget('zii.widgets.CLi...', Array)
#5 D:\www\phpboy\protected\views\post\index.php(9): CBaseController->widget('zii.widgets.CLi...', Array)
#6 D:\www\lib\web\CBaseController.php(126): require('D:\www\phpboy\p...')
#7 D:\www\lib\web\CBaseController.php(95): CBaseController->renderInternal('D:\www\phpboy\p...', Array, true)
#8 D:\www\lib\web\CController.php(869): CBaseController->renderFile('D:\www\phpboy\p...', Array, true)
#9 D:\www\lib\web\CController.php(782): CController->renderPartial('index', Array, true)
#10 D:\www\phpboy\protected\controllers\PostController.php(136): CController->render('index', Array)
#11 D:\www\lib\web\actions\CInlineAction.php(49): PostController->actionIndex()
#12 D:\www\lib\web\CController.php(308): CInlineAction->runWithParams(Array)
#13 D:\www\lib\web\filters\CFilterChain.php(133): CController->runAction(Object(CInlineAction))
#14 D:\www\lib\web\filters\CFilter.php(40): CFilterChain->run()
#15 D:\www\lib\web\CController.php(1145): CFilter->filter(Object(CFilterChain))
#16 D:\www\lib\web\filters\CInlineFilter.php(58): CController->filterAccessControl(Object(CFilterChain))
#17 D:\www\lib\web\filters\CFilterChain.php(130): CInlineFilter->filter(Object(CFilterChain))
#18 D:\www\lib\web\CController.php(291): CFilterChain->run()
#19 D:\www\lib\web\CController.php(265): CController->runActionWithFilters(Object(CInlineAction), Array)
#20 D:\www\lib\web\CWebApplication.php(282): CController->run('')
#21 D:\www\lib\web\CWebApplication.php(141): CWebApplication->runController('')
#22 D:\www\lib\base\CApplication.php(169): CWebApplication->processRequest()
#23 D:\www\phpboy\index.php(11): CApplication->run()
#24 {main}
REQUEST_URI=/
---
2015/05/16 11:17:33 [error] [exception.CException] exception 'CException' with message 'CAssetManager.basePath "D:\www\phpboy\assets" is invalid. Please make sure the directory exists and is writable by the Web server process.' in D:\www\lib\web\CAssetManager.php:138
Stack trace:
#0 D:\www\lib\web\CAssetManager.php(123): CAssetManager->setBasePath('D:\www\phpboy\a...')
#1 D:\www\lib\web\CAssetManager.php(217): CAssetManager->getBasePath()
#2 D:\www\lib\zii\widgets\CListView.php(209): CAssetManager->publish('D:\www\lib\zii\...')
#3 D:\www\lib\web\CBaseController.php(147): CListView->init()
#4 D:\www\lib\web\CBaseController.php(172): CBaseController->createWidget('zii.widgets.CLi...', Array)
#5 D:\www\phpboy\protected\views\post\index.php(9): CBaseController->widget('zii.widgets.CLi...', Array)
#6 D:\www\lib\web\CBaseController.php(126): require('D:\www\phpboy\p...')
#7 D:\www\lib\web\CBaseController.php(95): CBaseController->renderInternal('D:\www\phpboy\p...', Array, true)
#8 D:\www\lib\web\CController.php(869): CBaseController->renderFile('D:\www\phpboy\p...', Array, true)
#9 D:\www\lib\web\CController.php(782): CController->renderPartial('index', Array, true)
#10 D:\www\phpboy\protected\controllers\PostController.php(136): CController->render('index', Array)
#11 D:\www\lib\web\actions\CInlineAction.php(49): PostController->actionIndex()
#12 D:\www\lib\web\CController.php(308): CInlineAction->runWithParams(Array)
#13 D:\www\lib\web\filters\CFilterChain.php(133): CController->runAction(Object(CInlineAction))
#14 D:\www\lib\web\filters\CFilter.php(40): CFilterChain->run()
#15 D:\www\lib\web\CController.php(1145): CFilter->filter(Object(CFilterChain))
#16 D:\www\lib\web\filters\CInlineFilter.php(58): CController->filterAccessControl(Object(CFilterChain))
#17 D:\www\lib\web\filters\CFilterChain.php(130): CInlineFilter->filter(Object(CFilterChain))
#18 D:\www\lib\web\CController.php(291): CFilterChain->run()
#19 D:\www\lib\web\CController.php(265): CController->runActionWithFilters(Object(CInlineAction), Array)
#20 D:\www\lib\web\CWebApplication.php(282): CController->run('')
#21 D:\www\lib\web\CWebApplication.php(141): CWebApplication->runController('')
#22 D:\www\lib\base\CApplication.php(169): CWebApplication->processRequest()
#23 D:\www\phpboy\index.php(11): CApplication->run()
#24 {main}
REQUEST_URI=/
---
2015/05/16 11:17:34 [error] [exception.CException] exception 'CException' with message 'CAssetManager.basePath "D:\www\phpboy\assets" is invalid. Please make sure the directory exists and is writable by the Web server process.' in D:\www\lib\web\CAssetManager.php:138
Stack trace:
#0 D:\www\lib\web\CAssetManager.php(123): CAssetManager->setBasePath('D:\www\phpboy\a...')
#1 D:\www\lib\web\CAssetManager.php(217): CAssetManager->getBasePath()
#2 D:\www\lib\zii\widgets\CListView.php(209): CAssetManager->publish('D:\www\lib\zii\...')
#3 D:\www\lib\web\CBaseController.php(147): CListView->init()
#4 D:\www\lib\web\CBaseController.php(172): CBaseController->createWidget('zii.widgets.CLi...', Array)
#5 D:\www\phpboy\protected\views\post\index.php(9): CBaseController->widget('zii.widgets.CLi...', Array)
#6 D:\www\lib\web\CBaseController.php(126): require('D:\www\phpboy\p...')
#7 D:\www\lib\web\CBaseController.php(95): CBaseController->renderInternal('D:\www\phpboy\p...', Array, true)
#8 D:\www\lib\web\CController.php(869): CBaseController->renderFile('D:\www\phpboy\p...', Array, true)
#9 D:\www\lib\web\CController.php(782): CController->renderPartial('index', Array, true)
#10 D:\www\phpboy\protected\controllers\PostController.php(136): CController->render('index', Array)
#11 D:\www\lib\web\actions\CInlineAction.php(49): PostController->actionIndex()
#12 D:\www\lib\web\CController.php(308): CInlineAction->runWithParams(Array)
#13 D:\www\lib\web\filters\CFilterChain.php(133): CController->runAction(Object(CInlineAction))
#14 D:\www\lib\web\filters\CFilter.php(40): CFilterChain->run()
#15 D:\www\lib\web\CController.php(1145): CFilter->filter(Object(CFilterChain))
#16 D:\www\lib\web\filters\CInlineFilter.php(58): CController->filterAccessControl(Object(CFilterChain))
#17 D:\www\lib\web\filters\CFilterChain.php(130): CInlineFilter->filter(Object(CFilterChain))
#18 D:\www\lib\web\CController.php(291): CFilterChain->run()
#19 D:\www\lib\web\CController.php(265): CController->runActionWithFilters(Object(CInlineAction), Array)
#20 D:\www\lib\web\CWebApplication.php(282): CController->run('')
#21 D:\www\lib\web\CWebApplication.php(141): CWebApplication->runController('')
#22 D:\www\lib\base\CApplication.php(169): CWebApplication->processRequest()
#23 D:\www\phpboy\index.php(11): CApplication->run()
#24 {main}
REQUEST_URI=/
---
2015/05/16 11:52:47 [error] [php] require_once(D:\www\phpboy\protected\extensions\smarty\Smarty.class.php) [<a href='function.require-once'>function.require-once</a>]: failed to open stream: No such file or directory (D:\www\phpboy\protected\extensions\CSmarty.php:10)
Stack trace:
#0 D:\www\lib\YiiBase.php(196): import()
#1 D:\www\lib\base\CModule.php(386): createComponent()
#2 D:\www\lib\base\CModule.php(103): CWebApplication->getComponent()
#3 D:\www\phpboy\protected\components\Controller.php(28): CWebApplication->__get()
#4 D:\www\phpboy\protected\controllers\PostController.php(119): PostController->display()
#5 D:\www\lib\web\actions\CInlineAction.php(49): PostController->actionIndex()
#6 D:\www\lib\web\CController.php(308): CInlineAction->runWithParams()
#7 D:\www\lib\web\filters\CFilterChain.php(133): PostController->runAction()
#8 D:\www\lib\web\filters\CFilter.php(40): CFilterChain->run()
#9 D:\www\lib\web\CController.php(1145): CAccessControlFilter->filter()
#10 D:\www\lib\web\filters\CInlineFilter.php(58): PostController->filterAccessControl()
#11 D:\www\lib\web\filters\CFilterChain.php(130): CInlineFilter->filter()
#12 D:\www\lib\web\CController.php(291): CFilterChain->run()
#13 D:\www\lib\web\CController.php(265): PostController->runActionWithFilters()
#14 D:\www\lib\web\CWebApplication.php(282): PostController->run()
#15 D:\www\lib\web\CWebApplication.php(141): CWebApplication->runController()
#16 D:\www\lib\base\CApplication.php(169): CWebApplication->processRequest()
#17 D:\www\phpboy\index.php(8): CWebApplication->run()
REQUEST_URI=/
2015/05/16 11:54:27 [error] [exception.SmartyException] exception 'SmartyException' with message 'Unable to load template file 'aaa.php'' in D:\www\phpboy\protected\extensions\smarty\sysplugins\smarty_internal_templatebase.php:127
Stack trace:
#0 D:\www\phpboy\protected\extensions\smarty\sysplugins\smarty_internal_templatebase.php(362): Smarty_Internal_TemplateBase->fetch('aaa.php', NULL, NULL, NULL, true)
#1 D:\www\phpboy\protected\components\Controller.php(28): Smarty_Internal_TemplateBase->display('aaa.php')
#2 D:\www\phpboy\protected\controllers\PostController.php(119): Controller->display('aaa.php')
#3 D:\www\lib\web\actions\CInlineAction.php(49): PostController->actionIndex()
#4 D:\www\lib\web\CController.php(308): CInlineAction->runWithParams(Array)
#5 D:\www\lib\web\filters\CFilterChain.php(133): CController->runAction(Object(CInlineAction))
#6 D:\www\lib\web\filters\CFilter.php(40): CFilterChain->run()
#7 D:\www\lib\web\CController.php(1145): CFilter->filter(Object(CFilterChain))
#8 D:\www\lib\web\filters\CInlineFilter.php(58): CController->filterAccessControl(Object(CFilterChain))
#9 D:\www\lib\web\filters\CFilterChain.php(130): CInlineFilter->filter(Object(CFilterChain))
#10 D:\www\lib\web\CController.php(291): CFilterChain->run()
#11 D:\www\lib\web\CController.php(265): CController->runActionWithFilters(Object(CInlineAction), Array)
#12 D:\www\lib\web\CWebApplication.php(282): CController->run('')
#13 D:\www\lib\web\CWebApplication.php(141): CWebApplication->runController('')
#14 D:\www\lib\base\CApplication.php(169): CWebApplication->processRequest()
#15 D:\www\phpboy\index.php(8): CApplication->run()
#16 {main}
REQUEST_URI=/
---
